


ARM Macro Assembler    Page 1 


    1 00000000         ; LCD.s
    2 00000000         ; Student names: Adit Jain, Edie Zhou
    3 00000000         ; Last modification date: 11/26/18
    4 00000000         
    5 00000000         ; Runs on LM4F120/TM4C123
    6 00000000         ; Use SSI0 to send an 8-bit code to the ST7735 160x128 p
                       ixel LCD.
    7 00000000         
    8 00000000         ; As part of Lab 7, students need to implement these LCD
                       _WriteCommand and LCD_WriteData
    9 00000000         ; This driver assumes two low-level LCD functions
   10 00000000         
   11 00000000         ; Backlight (pin 10) connected to +3.3 V
   12 00000000         ; MISO (pin 9) unconnected
   13 00000000         ; SCK (pin 8) connected to PA2 (SSI0Clk)
   14 00000000         ; MOSI (pin 7) connected to PA5 (SSI0Tx)
   15 00000000         ; TFT_CS (pin 6) connected to PA3 (SSI0Fss)
   16 00000000         ; CARD_CS (pin 5) unconnected
   17 00000000         ; Data/Command (pin 4) connected to PA6 (GPIO)
   18 00000000         ; RESET (pin 3) connected to PA7 (GPIO)
   19 00000000         ; VCC (pin 2) connected to +3.3 V
   20 00000000         ; Gnd (pin 1) connected to ground
   21 00000000         
   22 00000000         
   23 00000000 400043FC 
                       GPIO_PORTA_DATA_R
                               EQU              0x400043FC
   24 00000000 40004100 
                       DC      EQU              0x40004100
   25 00000000 00000000 
                       DC_COMMAND
                               EQU              0
   26 00000000 00000040 
                       DC_DATA EQU              0x40
   27 00000000 40008008 
                       SSI0_DR_R
                               EQU              0x40008008
   28 00000000 4000800C 
                       SSI0_SR_R
                               EQU              0x4000800C
   29 00000000 00000004 
                       SSI_SR_RNE
                               EQU              0x00000004  ; SSI Receive FIFO 
                                                            Not Empty
   30 00000000 00000010 
                       SSI_SR_BSY
                               EQU              0x00000010  ; SSI Busy Bit
   31 00000000 00000002 
                       SSI_SR_TNF
                               EQU              0x00000002  ; SSI Transmit FIFO
                                                             Not Full
   32 00000000         
   33 00000000                 EXPORT           writecommand
   34 00000000                 EXPORT           writedata
   35 00000000         
   36 00000000                 AREA             |.text|, CODE, READONLY, ALIGN=
2
   37 00000000                 THUMB
   38 00000000                 ALIGN



ARM Macro Assembler    Page 2 


   39 00000000         
   40 00000000         ; The Data/Command pin must be valid when the eighth bit
                        is
   41 00000000         ; sent.  The SSI module has hardware input and output FI
                       FOs
   42 00000000         ; that are 8 locations deep.  Based on the observation t
                       hat
   43 00000000         ; the LCD interface tends to send a few commands and the
                       n a
   44 00000000         ; lot of data, the FIFOs are not used when writing
   45 00000000         ; commands, and they are used when writing data.  This
   46 00000000         ; ensures that the Data/Command pin status matches the b
                       yte
   47 00000000         ; that is actually being transmitted.
   48 00000000         ; The write command operation waits until all data has b
                       een
   49 00000000         ; sent, configures the Data/Command pin for commands, se
                       nds
   50 00000000         ; the command, and then waits for the transmission to
   51 00000000         ; finish.
   52 00000000         ; The write data operation waits until there is room in 
                       the
   53 00000000         ; transmit FIFO, configures the Data/Command pin for dat
                       a,
   54 00000000         ; and then adds the data to the transmit FIFO.
   55 00000000         ; NOTE: These functions will crash or stall indefinitely
                        if
   56 00000000         ; the SSI0 module is not initialized and enabled.
   57 00000000         
   58 00000000         ; This is a helper function that sends an 8-bit command 
                       to the LCD.
   59 00000000         ; Input: R0  8-bit command to transmit
   60 00000000         ; Output: none
   61 00000000         ; Assumes: SSI0 and port A have already been initialized
                        and enabled
   62 00000000         writecommand
   63 00000000         ;;--UUU-- Complete this (copy from Lab7-8)
   64 00000000         ;; Code to write a command to the LCD
   65 00000000         ;1) Read SSI0_SR_R and check bit 4, 
   66 00000000         ;2) If bit 4 is high, loop back to step 1 (wait for BUSY
                        bit to be low)
   67 00000000         ;3) Clear D/C=PA6 to zero
   68 00000000         ;4) Write the command to SSI0_DR_R
   69 00000000         ;5) Read SSI0_SR_R and check bit 4, 
   70 00000000         ;6) If bit 4 is high, loop back to step 5 (wait for BUSY
                        bit to be low)
   71 00000000         ;PUSH {R4 - R11}     ; save callee registers R4-R11 not 
                       used
   72 00000000         
   73 00000000         readSSI01
   74 00000000 4910            LDR              R1, =SSI0_SR_R ; read SSI0_SR_R
                                                            
   75 00000002 680A            LDR              R2, [R1]
   76 00000004 F002 0210       AND              R2, #0x10   ; check if bit 4 is
                                                             high
   77 00000008 2A00            CMP              R2, #0x00
   78 0000000A D1F9            BNE              readSSI01   ; loop back if high
                                                            
   79 0000000C         



ARM Macro Assembler    Page 3 


   80 0000000C 490E            LDR              R1, =GPIO_PORTA_DATA_R 
                                                            ; clear D/C=PA6
   81 0000000E 680A            LDR              R2, [R1]
   82 00000010 F022 0240       BIC              R2, #0x40
   83 00000014 600A            STR              R2, [R1]
   84 00000016 490D            LDR              R1, =SSI0_DR_R ; write command 
                                                            to SSI0_DR_R
   85 00000018 6008            STR              R0, [R1]
   86 0000001A         
   87 0000001A         readSSI02
   88 0000001A 490A            LDR              R1, =SSI0_SR_R ; read SSI0_SR_R
                                                            
   89 0000001C 680A            LDR              R2, [R1]
   90 0000001E F002 0210       AND              R2, #0x10   ; check if bit 4 is
                                                             high
   91 00000022 2A00            CMP              R2, #0x00
   92 00000024 D1F9            BNE              readSSI02   ; loop back if high
                                                            
   93 00000026         
   94 00000026         ;POP {R4 - R11}     ; pop callee registers R4-R11 not us
                       ed
   95 00000026 4770            BX               LR          ; return
   96 00000028         
   97 00000028         ; This is a helper function that sends an 8-bit data to 
                       the LCD.
   98 00000028         ; Input: R0  8-bit data to transmit
   99 00000028         ; Output: none
  100 00000028         ; Assumes: SSI0 and port A have already been initialized
                        and enabled
  101 00000028         writedata
  102 00000028         ;;--UUU-- Complete this (copy from Lab7-8)
  103 00000028         ;; Code to write data to the LCD
  104 00000028         ;1) Read SSI0_SR_R and check bit 1, 
  105 00000028         ;2) If bit 1 is low loop back to step 1 (wait for TNF bi
                       t to be high)
  106 00000028         ;3) Set D/C=PA6 to one
  107 00000028         ;4) Write the 8-bit data to SSI0_DR_R
  108 00000028         ;PUSH {R4 - R11}     ; save callee registers R4-R11 not 
                       used
  109 00000028         readSSI03
  110 00000028 4906            LDR              R1, =SSI0_SR_R ; read SSI0_SR_R
                                                            
  111 0000002A 680A            LDR              R2, [R1]
  112 0000002C F002 0202       AND              R2, #0x02   ; check bit 1
  113 00000030 2A00            CMP              R2, #0x00
  114 00000032 D0F9            BEQ              readSSI03   ; loop back if low
  115 00000034         
  116 00000034 4904            LDR              R1, =GPIO_PORTA_DATA_R ; set D/
                                                            C = PA6 to one
  117 00000036 680A            LDR              R2, [R1]
  118 00000038 F042 0240       ORR              R2, #0x40
  119 0000003C 600A            STR              R2, [R1]
  120 0000003E         
  121 0000003E 4903            LDR              R1, =SSI0_DR_R ; write data to 
                                                            SSI0_DR_R
  122 00000040 6008            STR              R0, [R1]
  123 00000042         
  124 00000042         ;POP {R4 - R11}     ; pop callee registers R4-R11 not us
                       ed



ARM Macro Assembler    Page 4 


  125 00000042 4770            BX               LR          ;   return
  126 00000044         
  127 00000044         
  128 00000044         ;***************************************************
  129 00000044         ; This is a library for the Adafruit 1.8" SPI display.
  130 00000044         ; This library works with the Adafruit 1.8" TFT Breakout
                        w/SD card
  131 00000044         ; ----> http://www.adafruit.com/products/358
  132 00000044         ; as well as Adafruit raw 1.8" TFT display
  133 00000044         ; ----> http://www.adafruit.com/products/618
  134 00000044         ;
  135 00000044         ; Check out the links above for our tutorials and wiring
                        diagrams
  136 00000044         ; These displays use SPI to communicate, 4 or 5 pins are
                        required to
  137 00000044         ; interface (RST is optional)
  138 00000044         ; Adafruit invests time and resources providing this ope
                       n source code,
  139 00000044         ; please support Adafruit and open-source hardware by pu
                       rchasing
  140 00000044         ; products from Adafruit!
  141 00000044         ;
  142 00000044         ; Written by Limor Fried/Ladyada for Adafruit Industries
                       .
  143 00000044         ; MIT license, all text above must be included in any re
                       distribution
  144 00000044         ;****************************************************
  145 00000044         
  146 00000044                 ALIGN                        ; make sure the end
                                                             of this section is
                                                             aligned
  147 00000044                 END                          ; end of file
              4000800C 
              400043FC 
              40008008 
Command Line: --debug --xref --diag_suppress=9931 --cpu=Cortex-M4 --apcs=interw
ork --depend=.\lcd.d -o.\lcd.o -I.\RTE\_Lab9 -IS:\Keil\ARM\PACK\ARM\CMSIS\5.3.0
\CMSIS\Include -IS:\Keil\ARM\PACK\Keil\TM4C_DFP\1.1.0\Device\Include\TM4C123 --
predefine="__EVAL SETA 1" --predefine="__UVISION_VERSION SETA 525" --predefine=
"_RTE_ SETA 1" --predefine="TM4C123GH6PM SETA 1" --list=.\lcd.lst LCD.s



ARM Macro Assembler    Page 1 Alphabetic symbol ordering
Relocatable symbols

.text 00000000

Symbol: .text
   Definitions
      At line 36 in file LCD.s
   Uses
      None
Comment: .text unused
readSSI01 00000000

Symbol: readSSI01
   Definitions
      At line 73 in file LCD.s
   Uses
      At line 78 in file LCD.s
Comment: readSSI01 used once
readSSI02 0000001A

Symbol: readSSI02
   Definitions
      At line 87 in file LCD.s
   Uses
      At line 92 in file LCD.s
Comment: readSSI02 used once
readSSI03 00000028

Symbol: readSSI03
   Definitions
      At line 109 in file LCD.s
   Uses
      At line 114 in file LCD.s
Comment: readSSI03 used once
writecommand 00000000

Symbol: writecommand
   Definitions
      At line 62 in file LCD.s
   Uses
      At line 33 in file LCD.s
Comment: writecommand used once
writedata 00000028

Symbol: writedata
   Definitions
      At line 101 in file LCD.s
   Uses
      At line 34 in file LCD.s
Comment: writedata used once
6 symbols



ARM Macro Assembler    Page 1 Alphabetic symbol ordering
Absolute symbols

DC 40004100

Symbol: DC
   Definitions
      At line 24 in file LCD.s
   Uses
      None
Comment: DC unused
DC_COMMAND 00000000

Symbol: DC_COMMAND
   Definitions
      At line 25 in file LCD.s
   Uses
      None
Comment: DC_COMMAND unused
DC_DATA 00000040

Symbol: DC_DATA
   Definitions
      At line 26 in file LCD.s
   Uses
      None
Comment: DC_DATA unused
GPIO_PORTA_DATA_R 400043FC

Symbol: GPIO_PORTA_DATA_R
   Definitions
      At line 23 in file LCD.s
   Uses
      At line 80 in file LCD.s
      At line 116 in file LCD.s

SSI0_DR_R 40008008

Symbol: SSI0_DR_R
   Definitions
      At line 27 in file LCD.s
   Uses
      At line 84 in file LCD.s
      At line 121 in file LCD.s

SSI0_SR_R 4000800C

Symbol: SSI0_SR_R
   Definitions
      At line 28 in file LCD.s
   Uses
      At line 74 in file LCD.s
      At line 88 in file LCD.s
      At line 110 in file LCD.s

SSI_SR_BSY 00000010

Symbol: SSI_SR_BSY
   Definitions
      At line 30 in file LCD.s
   Uses
      None



ARM Macro Assembler    Page 2 Alphabetic symbol ordering
Absolute symbols

Comment: SSI_SR_BSY unused
SSI_SR_RNE 00000004

Symbol: SSI_SR_RNE
   Definitions
      At line 29 in file LCD.s
   Uses
      None
Comment: SSI_SR_RNE unused
SSI_SR_TNF 00000002

Symbol: SSI_SR_TNF
   Definitions
      At line 31 in file LCD.s
   Uses
      None
Comment: SSI_SR_TNF unused
9 symbols
351 symbols in table
